{"uid":"9ec066d5b2197c0d","name":"Verify the error message when entering incorrect password","fullName":"tests.PasswordTest.verifyTheIncorrectPassword","historyId":"3d6993216b232fd32bca6bb3d6c6d697","time":{"start":1674922057507,"stop":1674922061555,"duration":4048},"status":"failed","statusMessage":"The error message is incorrect or not displayed expected [The provided password is invalid.] but found []","statusTrace":"java.lang.AssertionError: The error message is incorrect or not displayed expected [The provided password is invalid.] but found []\n\tat org.testng.Assert.fail(Assert.java:99)\n\tat org.testng.Assert.failNotEquals(Assert.java:1037)\n\tat org.testng.Assert.assertEqualsImpl(Assert.java:140)\n\tat org.testng.Assert.assertEquals(Assert.java:122)\n\tat org.testng.Assert.assertEquals(Assert.java:629)\n\tat tests.PasswordTest.verifyTheIncorrectPassword(PasswordTest.java:66)\n\tat java.base/jdk.internal.reflect.NativeMethodAccessorImpl.invoke0(Native Method)\n\tat java.base/jdk.internal.reflect.NativeMethodAccessorImpl.invoke(NativeMethodAccessorImpl.java:77)\n\tat java.base/jdk.internal.reflect.DelegatingMethodAccessorImpl.invoke(DelegatingMethodAccessorImpl.java:43)\n\tat java.base/java.lang.reflect.Method.invoke(Method.java:568)\n\tat org.testng.internal.MethodInvocationHelper.invokeMethod(MethodInvocationHelper.java:132)\n\tat org.testng.internal.TestInvoker.invokeMethod(TestInvoker.java:599)\n\tat org.testng.internal.TestInvoker.invokeTestMethod(TestInvoker.java:174)\n\tat org.testng.internal.MethodRunner.runInSequence(MethodRunner.java:46)\n\tat org.testng.internal.TestInvoker$MethodInvocationAgent.invoke(TestInvoker.java:822)\n\tat org.testng.internal.TestInvoker.invokeTestMethods(TestInvoker.java:147)\n\tat org.testng.internal.TestMethodWorker.invokeTestMethods(TestMethodWorker.java:146)\n\tat org.testng.internal.TestMethodWorker.run(TestMethodWorker.java:128)\n\tat java.base/java.util.ArrayList.forEach(ArrayList.java:1511)\n\tat org.testng.TestRunner.privateRun(TestRunner.java:764)\n\tat org.testng.TestRunner.run(TestRunner.java:585)\n\tat org.testng.SuiteRunner.runTest(SuiteRunner.java:384)\n\tat org.testng.SuiteRunner.runSequentially(SuiteRunner.java:378)\n\tat org.testng.SuiteRunner.privateRun(SuiteRunner.java:337)\n\tat org.testng.SuiteRunner.run(SuiteRunner.java:286)\n\tat org.testng.SuiteRunnerWorker.runSuite(SuiteRunnerWorker.java:53)\n\tat org.testng.SuiteRunnerWorker.run(SuiteRunnerWorker.java:96)\n\tat org.testng.TestNG.runSuitesSequentially(TestNG.java:1218)\n\tat org.testng.TestNG.runSuitesLocally(TestNG.java:1140)\n\tat org.testng.TestNG.runSuites(TestNG.java:1069)\n\tat org.testng.TestNG.run(TestNG.java:1037)\n\tat org.apache.maven.surefire.testng.TestNGExecutor.run(TestNGExecutor.java:136)\n\tat org.apache.maven.surefire.testng.TestNGDirectoryTestSuite.executeMulti(TestNGDirectoryTestSuite.java:193)\n\tat org.apache.maven.surefire.testng.TestNGDirectoryTestSuite.execute(TestNGDirectoryTestSuite.java:94)\n\tat org.apache.maven.surefire.testng.TestNGProvider.invoke(TestNGProvider.java:145)\n\tat org.apache.maven.surefire.booter.ForkedBooter.runSuitesInProcess(ForkedBooter.java:428)\n\tat org.apache.maven.surefire.booter.ForkedBooter.execute(ForkedBooter.java:162)\n\tat org.apache.maven.surefire.booter.ForkedBooter.run(ForkedBooter.java:562)\n\tat org.apache.maven.surefire.booter.ForkedBooter.main(ForkedBooter.java:548)\n","flaky":false,"newFailed":false,"newBroken":false,"newPassed":false,"retriesCount":0,"retriesStatusChange":false,"beforeStages":[{"name":"initialize the web drive","time":{"start":1674922054944,"stop":1674922057506,"duration":2562},"description":"initialize the web drive","status":"passed","steps":[],"attachments":[],"parameters":[],"stepsCount":0,"attachmentsCount":0,"shouldDisplayMessage":false,"hasContent":false}],"testStage":{"status":"failed","statusMessage":"The error message is incorrect or not displayed expected [The provided password is invalid.] but found []","statusTrace":"java.lang.AssertionError: The error message is incorrect or not displayed expected [The provided password is invalid.] but found []\n\tat org.testng.Assert.fail(Assert.java:99)\n\tat org.testng.Assert.failNotEquals(Assert.java:1037)\n\tat org.testng.Assert.assertEqualsImpl(Assert.java:140)\n\tat org.testng.Assert.assertEquals(Assert.java:122)\n\tat org.testng.Assert.assertEquals(Assert.java:629)\n\tat tests.PasswordTest.verifyTheIncorrectPassword(PasswordTest.java:66)\n\tat java.base/jdk.internal.reflect.NativeMethodAccessorImpl.invoke0(Native Method)\n\tat java.base/jdk.internal.reflect.NativeMethodAccessorImpl.invoke(NativeMethodAccessorImpl.java:77)\n\tat java.base/jdk.internal.reflect.DelegatingMethodAccessorImpl.invoke(DelegatingMethodAccessorImpl.java:43)\n\tat java.base/java.lang.reflect.Method.invoke(Method.java:568)\n\tat org.testng.internal.MethodInvocationHelper.invokeMethod(MethodInvocationHelper.java:132)\n\tat org.testng.internal.TestInvoker.invokeMethod(TestInvoker.java:599)\n\tat org.testng.internal.TestInvoker.invokeTestMethod(TestInvoker.java:174)\n\tat org.testng.internal.MethodRunner.runInSequence(MethodRunner.java:46)\n\tat org.testng.internal.TestInvoker$MethodInvocationAgent.invoke(TestInvoker.java:822)\n\tat org.testng.internal.TestInvoker.invokeTestMethods(TestInvoker.java:147)\n\tat org.testng.internal.TestMethodWorker.invokeTestMethods(TestMethodWorker.java:146)\n\tat org.testng.internal.TestMethodWorker.run(TestMethodWorker.java:128)\n\tat java.base/java.util.ArrayList.forEach(ArrayList.java:1511)\n\tat org.testng.TestRunner.privateRun(TestRunner.java:764)\n\tat org.testng.TestRunner.run(TestRunner.java:585)\n\tat org.testng.SuiteRunner.runTest(SuiteRunner.java:384)\n\tat org.testng.SuiteRunner.runSequentially(SuiteRunner.java:378)\n\tat org.testng.SuiteRunner.privateRun(SuiteRunner.java:337)\n\tat org.testng.SuiteRunner.run(SuiteRunner.java:286)\n\tat org.testng.SuiteRunnerWorker.runSuite(SuiteRunnerWorker.java:53)\n\tat org.testng.SuiteRunnerWorker.run(SuiteRunnerWorker.java:96)\n\tat org.testng.TestNG.runSuitesSequentially(TestNG.java:1218)\n\tat org.testng.TestNG.runSuitesLocally(TestNG.java:1140)\n\tat org.testng.TestNG.runSuites(TestNG.java:1069)\n\tat org.testng.TestNG.run(TestNG.java:1037)\n\tat org.apache.maven.surefire.testng.TestNGExecutor.run(TestNGExecutor.java:136)\n\tat org.apache.maven.surefire.testng.TestNGDirectoryTestSuite.executeMulti(TestNGDirectoryTestSuite.java:193)\n\tat org.apache.maven.surefire.testng.TestNGDirectoryTestSuite.execute(TestNGDirectoryTestSuite.java:94)\n\tat org.apache.maven.surefire.testng.TestNGProvider.invoke(TestNGProvider.java:145)\n\tat org.apache.maven.surefire.booter.ForkedBooter.runSuitesInProcess(ForkedBooter.java:428)\n\tat org.apache.maven.surefire.booter.ForkedBooter.execute(ForkedBooter.java:162)\n\tat org.apache.maven.surefire.booter.ForkedBooter.run(ForkedBooter.java:562)\n\tat org.apache.maven.surefire.booter.ForkedBooter.main(ForkedBooter.java:548)\n","steps":[{"name":"Enter the email address","time":{"start":1674922057507,"stop":1674922058224,"duration":717},"status":"passed","steps":[],"attachments":[],"parameters":[{"name":"email","value":"school@guardme.test"}],"stepsCount":0,"attachmentsCount":0,"shouldDisplayMessage":false,"hasContent":true},{"name":"Click on the continue button","time":{"start":1674922058224,"stop":1674922058703,"duration":479},"status":"passed","steps":[],"attachments":[],"parameters":[],"stepsCount":0,"attachmentsCount":0,"shouldDisplayMessage":false,"hasContent":false},{"name":"Enter the six digits pin code","time":{"start":1674922058704,"stop":1674922060217,"duration":1513},"status":"passed","steps":[],"attachments":[],"parameters":[{"name":"pinCode","value":"[0, 0, 0, 0, 0, 0]"}],"stepsCount":0,"attachmentsCount":0,"shouldDisplayMessage":false,"hasContent":true},{"name":"Click on the Verify Pin button","time":{"start":1674922060218,"stop":1674922060646,"duration":428},"status":"passed","steps":[],"attachments":[],"parameters":[],"stepsCount":0,"attachmentsCount":0,"shouldDisplayMessage":false,"hasContent":false},{"name":"Enter the password","time":{"start":1674922060646,"stop":1674922060835,"duration":189},"status":"passed","steps":[],"attachments":[],"parameters":[{"name":"password","value":"abAB123df!@##"}],"stepsCount":0,"attachmentsCount":0,"shouldDisplayMessage":false,"hasContent":true},{"name":"Click on the continue button","time":{"start":1674922060835,"stop":1674922061262,"duration":427},"status":"passed","steps":[],"attachments":[],"parameters":[],"stepsCount":0,"attachmentsCount":0,"shouldDisplayMessage":false,"hasContent":false}],"attachments":[{"uid":"5367f82be7e035a7","name":"Screenshot","source":"5367f82be7e035a7.png","type":"image/png","size":1077037},{"uid":"61130f9928661716","name":"verifyTheIncorrectPassword failed and screenshot taken.","source":"61130f9928661716.txt","type":"text/plain","size":55}],"parameters":[],"stepsCount":6,"attachmentsCount":2,"shouldDisplayMessage":true,"hasContent":true},"afterStages":[{"name":"close the web drive","time":{"start":1674922061556,"stop":1674922062148,"duration":592},"description":"close the web drive","status":"passed","steps":[],"attachments":[],"parameters":[],"stepsCount":0,"attachmentsCount":0,"shouldDisplayMessage":false,"hasContent":false}],"labels":[{"name":"package","value":"tests.PasswordTest"},{"name":"testClass","value":"tests.PasswordTest"},{"name":"testMethod","value":"verifyTheIncorrectPassword"},{"name":"parentSuite","value":"Surefire suite"},{"name":"suite","value":"Surefire test"},{"name":"subSuite","value":"tests.PasswordTest"},{"name":"host","value":"fv-az422-721"},{"name":"thread","value":"3389@fv-az422-721.main(1)"},{"name":"framework","value":"testng"},{"name":"language","value":"java"},{"name":"resultFormat","value":"allure2"}],"parameters":[],"links":[],"hidden":false,"retry":false,"extra":{"severity":"normal","retries":[],"categories":[{"name":"Product defects","matchedStatuses":[],"flaky":false}],"history":{"statistic":{"failed":2,"broken":6,"skipped":0,"passed":1,"unknown":0,"total":9},"items":[{"uid":"bbb4eae8174ab6e5","reportUrl":"https://abdulrahmanMohamed2020.github.io/guardMe/11//#testresult/bbb4eae8174ab6e5","status":"failed","statusDetails":"The error message is incorrect or not displayed expected [The provided password is invalid.] but found []","time":{"start":1674921352938,"stop":1674921357206,"duration":4268}},{"uid":"2204a73e320ebd7a","reportUrl":"https://abdulrahmanMohamed2020.github.io/guardMe/10//#testresult/2204a73e320ebd7a","status":"passed","time":{"start":1674921169297,"stop":1674921173589,"duration":4292}},{"uid":"c0ebfd8f34901b50","reportUrl":"https://abdulrahmanMohamed2020.github.io/guardMe/9//#testresult/c0ebfd8f34901b50","status":"broken","statusDetails":"Expected condition failed: waiting for presence of element located by: By.xpath: //div[contains(@class,'v-messages__message')] (tried for 30 second(s) with 200 milliseconds interval)","time":{"start":1672737627438,"stop":1672737661378,"duration":33940}},{"uid":"2eb2bf7e9f347d12","reportUrl":"https://abdulrahmanMohamed2020.github.io/guardMe/8//#testresult/2eb2bf7e9f347d12","status":"broken","statusDetails":"Expected condition failed: waiting for presence of element located by: By.xpath: //div[contains(@class,'v-messages__message')] (tried for 30 second(s) with 200 milliseconds interval)","time":{"start":1672729694933,"stop":1672729729196,"duration":34263}},{"uid":"7bd1276a9d22792d","reportUrl":"https://abdulrahmanMohamed2020.github.io/guardMe/7//#testresult/7bd1276a9d22792d","status":"broken","statusDetails":"Expected condition failed: waiting for presence of element located by: By.xpath: //div[contains(@class,'v-messages__message')] (tried for 30 second(s) with 200 milliseconds interval)","time":{"start":1672151821090,"stop":1672151856279,"duration":35189}},{"uid":"f43e9499252a89e9","reportUrl":"https://abdulrahmanMohamed2020.github.io/guardMe/6//#testresult/f43e9499252a89e9","status":"broken","statusDetails":"Expected condition failed: waiting for presence of element located by: By.xpath: //div[contains(@class,'v-messages__message')] (tried for 30 second(s) with 200 milliseconds interval)","time":{"start":1672020428375,"stop":1672020462295,"duration":33920}},{"uid":"72c8ca33ac868886","reportUrl":"https://abdulrahmanMohamed2020.github.io/guardMe/5//#testresult/72c8ca33ac868886","status":"broken","statusDetails":"Expected condition failed: waiting for presence of element located by: By.xpath: //div[contains(@class,'v-messages__message')] (tried for 30 second(s) with 200 milliseconds interval)","time":{"start":1672011033480,"stop":1672011067196,"duration":33716}},{"uid":"8132dda179e3db1a","reportUrl":"https://abdulrahmanMohamed2020.github.io/guardMe/4//#testresult/8132dda179e3db1a","status":"broken","statusDetails":"Expected condition failed: waiting for presence of element located by: By.xpath: //div[contains(@class,'v-messages__message')] (tried for 30 second(s) with 200 milliseconds interval)","time":{"start":1672010130125,"stop":1672010163736,"duration":33611}}]},"tags":[]},"source":"9ec066d5b2197c0d.json","parameterValues":[]}