{"uid":"7a5d5ee52e701c45","name":"Verify the error message when entering incorrect pin code","fullName":"tests.VerifyPinTest.verifyWhenEnteringIncorrectPinCode","historyId":"9d553122715e9ffb5273eb2840590429","time":{"start":1685633585220,"stop":1685633605426,"duration":20206},"status":"broken","statusMessage":"Expected condition failed: waiting for presence of element located by: By.id: email (tried for 20 second(s) with 200 milliseconds interval)","statusTrace":"org.openqa.selenium.TimeoutException: Expected condition failed: waiting for presence of element located by: By.id: email (tried for 20 second(s) with 200 milliseconds interval)\n\tat org.openqa.selenium.support.ui.FluentWait.timeoutException(FluentWait.java:263)\n\tat org.openqa.selenium.support.ui.FluentWait.until(FluentWait.java:231)\n\tat org.labs247.pages.BasePage.findElement(BasePage.java:30)\n\tat org.labs247.pages.BasePage.typeText(BasePage.java:75)\n\tat org.labs247.pages.onboarding.LoginPage.enterEmail(LoginPage.java:20)\n\tat org.labs247.uitils.LoginHelper.loginWithEmail(LoginHelper.java:19)\n\tat tests.VerifyPinTest.verifyWhenEnteringIncorrectPinCode(VerifyPinTest.java:53)\n\tat java.base/jdk.internal.reflect.NativeMethodAccessorImpl.invoke0(Native Method)\n\tat java.base/jdk.internal.reflect.NativeMethodAccessorImpl.invoke(NativeMethodAccessorImpl.java:77)\n\tat java.base/jdk.internal.reflect.DelegatingMethodAccessorImpl.invoke(DelegatingMethodAccessorImpl.java:43)\n\tat java.base/java.lang.reflect.Method.invoke(Method.java:568)\n\tat org.testng.internal.MethodInvocationHelper.invokeMethod(MethodInvocationHelper.java:132)\n\tat org.testng.internal.TestInvoker.invokeMethod(TestInvoker.java:599)\n\tat org.testng.internal.TestInvoker.invokeTestMethod(TestInvoker.java:174)\n\tat org.testng.internal.MethodRunner.runInSequence(MethodRunner.java:46)\n\tat org.testng.internal.TestInvoker$MethodInvocationAgent.invoke(TestInvoker.java:822)\n\tat org.testng.internal.TestInvoker.invokeTestMethods(TestInvoker.java:147)\n\tat org.testng.internal.TestMethodWorker.invokeTestMethods(TestMethodWorker.java:146)\n\tat org.testng.internal.TestMethodWorker.run(TestMethodWorker.java:128)\n\tat java.base/java.util.ArrayList.forEach(ArrayList.java:1511)\n\tat org.testng.TestRunner.privateRun(TestRunner.java:764)\n\tat org.testng.TestRunner.run(TestRunner.java:585)\n\tat org.testng.SuiteRunner.runTest(SuiteRunner.java:384)\n\tat org.testng.SuiteRunner.runSequentially(SuiteRunner.java:378)\n\tat org.testng.SuiteRunner.privateRun(SuiteRunner.java:337)\n\tat org.testng.SuiteRunner.run(SuiteRunner.java:286)\n\tat org.testng.SuiteRunnerWorker.runSuite(SuiteRunnerWorker.java:53)\n\tat org.testng.SuiteRunnerWorker.run(SuiteRunnerWorker.java:96)\n\tat org.testng.TestNG.runSuitesSequentially(TestNG.java:1218)\n\tat org.testng.TestNG.runSuitesLocally(TestNG.java:1140)\n\tat org.testng.TestNG.runSuites(TestNG.java:1069)\n\tat org.testng.TestNG.run(TestNG.java:1037)\n\tat org.apache.maven.surefire.testng.TestNGExecutor.run(TestNGExecutor.java:136)\n\tat org.apache.maven.surefire.testng.TestNGDirectoryTestSuite.executeMulti(TestNGDirectoryTestSuite.java:193)\n\tat org.apache.maven.surefire.testng.TestNGDirectoryTestSuite.execute(TestNGDirectoryTestSuite.java:94)\n\tat org.apache.maven.surefire.testng.TestNGProvider.invoke(TestNGProvider.java:145)\n\tat org.apache.maven.surefire.booter.ForkedBooter.runSuitesInProcess(ForkedBooter.java:428)\n\tat org.apache.maven.surefire.booter.ForkedBooter.execute(ForkedBooter.java:162)\n\tat org.apache.maven.surefire.booter.ForkedBooter.run(ForkedBooter.java:562)\n\tat org.apache.maven.surefire.booter.ForkedBooter.main(ForkedBooter.java:548)\nCaused by: org.openqa.selenium.NoSuchElementException: Unable to locate element: #email\nFor documentation on this error, please visit: https://selenium.dev/exceptions/#no_such_element\nBuild info: version: '4.6.0', revision: '79f1c02ae20'\nSystem info: os.name: 'Linux', os.arch: 'amd64', os.version: '5.15.0-1038-azure', java.version: '17.0.7'\nDriver info: org.openqa.selenium.remote.RemoteWebDriver\nCommand: [1ee76338-c567-4757-8efa-afebe10ab589, findElement {using=id, value=email}]\nCapabilities {acceptInsecureCerts: true, browserName: firefox, browserVersion: 112.0, moz:accessibilityChecks: false, moz:buildID: 20230424110519, moz:debuggerAddress: 127.0.0.1:2759, moz:firefoxOptions: {}, moz:geckodriverVersion: 0.33.0, moz:headless: false, moz:platformVersion: 5.15.0-1038-azure, moz:processID: 5949, moz:profile: /tmp/rust_mozprofileJIDF8A, moz:shutdownTimeout: 60000, moz:useNonSpecCompliantPointerOrigin: false, moz:webdriverClick: true, moz:windowless: false, pageLoadStrategy: normal, platformName: LINUX, proxy: Proxy(), se:bidi: ws://172.18.0.4:4444/sessio..., se:cdp: ws://172.18.0.4:4444/sessio..., se:cdpVersion: 85.0, se:noVncPort: 7900, se:vnc: ws://172.18.0.4:4444/sessio..., se:vncEnabled: true, se:vncLocalAddress: ws://172.18.0.4:7900, setWindowRect: true, strictFileInteractability: false, timeouts: {implicit: 0, pageLoad: 300000, script: 30000}, unhandledPromptBehavior: dismiss and notify}\nSession ID: 1ee76338-c567-4757-8efa-afebe10ab589\n\tat jdk.internal.reflect.GeneratedConstructorAccessor26.newInstance(Unknown Source)\n\tat java.base/jdk.internal.reflect.DelegatingConstructorAccessorImpl.newInstance(DelegatingConstructorAccessorImpl.java:45)\n\tat java.base/java.lang.reflect.Constructor.newInstanceWithCaller(Constructor.java:499)\n\tat java.base/java.lang.reflect.Constructor.newInstance(Constructor.java:480)\n\tat org.openqa.selenium.remote.codec.w3c.W3CHttpResponseCodec.createException(W3CHttpResponseCodec.java:200)\n\tat org.openqa.selenium.remote.codec.w3c.W3CHttpResponseCodec.decode(W3CHttpResponseCodec.java:133)\n\tat org.openqa.selenium.remote.codec.w3c.W3CHttpResponseCodec.decode(W3CHttpResponseCodec.java:53)\n\tat org.openqa.selenium.remote.HttpCommandExecutor.execute(HttpCommandExecutor.java:184)\n\tat org.openqa.selenium.remote.TracedCommandExecutor.execute(TracedCommandExecutor.java:51)\n\tat org.openqa.selenium.remote.RemoteWebDriver.execute(RemoteWebDriver.java:541)\n\tat org.openqa.selenium.remote.ElementLocation$ElementFinder$2.findElement(ElementLocation.java:162)\n\tat org.openqa.selenium.remote.ElementLocation.findElement(ElementLocation.java:60)\n\tat org.openqa.selenium.remote.RemoteWebDriver.findElement(RemoteWebDriver.java:365)\n\tat org.openqa.selenium.remote.RemoteWebDriver.findElement(RemoteWebDriver.java:357)\n\tat org.openqa.selenium.support.ui.ExpectedConditions$6.apply(ExpectedConditions.java:174)\n\tat org.openqa.selenium.support.ui.ExpectedConditions$6.apply(ExpectedConditions.java:171)\n\tat org.openqa.selenium.support.ui.FluentWait.until(FluentWait.java:208)\n\t... 38 more\n","flaky":false,"newFailed":false,"newBroken":false,"newPassed":false,"retriesCount":0,"retriesStatusChange":false,"beforeStages":[{"name":"initialize the web drive","time":{"start":1685633582000,"stop":1685633585219,"duration":3219},"description":"initialize the web drive","status":"passed","steps":[],"attachments":[],"parameters":[],"hasContent":false,"stepsCount":0,"attachmentsCount":0,"shouldDisplayMessage":false}],"testStage":{"status":"broken","statusMessage":"Expected condition failed: waiting for presence of element located by: By.id: email (tried for 20 second(s) with 200 milliseconds interval)","statusTrace":"org.openqa.selenium.TimeoutException: Expected condition failed: waiting for presence of element located by: By.id: email (tried for 20 second(s) with 200 milliseconds interval)\n\tat org.openqa.selenium.support.ui.FluentWait.timeoutException(FluentWait.java:263)\n\tat org.openqa.selenium.support.ui.FluentWait.until(FluentWait.java:231)\n\tat org.labs247.pages.BasePage.findElement(BasePage.java:30)\n\tat org.labs247.pages.BasePage.typeText(BasePage.java:75)\n\tat org.labs247.pages.onboarding.LoginPage.enterEmail(LoginPage.java:20)\n\tat org.labs247.uitils.LoginHelper.loginWithEmail(LoginHelper.java:19)\n\tat tests.VerifyPinTest.verifyWhenEnteringIncorrectPinCode(VerifyPinTest.java:53)\n\tat java.base/jdk.internal.reflect.NativeMethodAccessorImpl.invoke0(Native Method)\n\tat java.base/jdk.internal.reflect.NativeMethodAccessorImpl.invoke(NativeMethodAccessorImpl.java:77)\n\tat java.base/jdk.internal.reflect.DelegatingMethodAccessorImpl.invoke(DelegatingMethodAccessorImpl.java:43)\n\tat java.base/java.lang.reflect.Method.invoke(Method.java:568)\n\tat org.testng.internal.MethodInvocationHelper.invokeMethod(MethodInvocationHelper.java:132)\n\tat org.testng.internal.TestInvoker.invokeMethod(TestInvoker.java:599)\n\tat org.testng.internal.TestInvoker.invokeTestMethod(TestInvoker.java:174)\n\tat org.testng.internal.MethodRunner.runInSequence(MethodRunner.java:46)\n\tat org.testng.internal.TestInvoker$MethodInvocationAgent.invoke(TestInvoker.java:822)\n\tat org.testng.internal.TestInvoker.invokeTestMethods(TestInvoker.java:147)\n\tat org.testng.internal.TestMethodWorker.invokeTestMethods(TestMethodWorker.java:146)\n\tat org.testng.internal.TestMethodWorker.run(TestMethodWorker.java:128)\n\tat java.base/java.util.ArrayList.forEach(ArrayList.java:1511)\n\tat org.testng.TestRunner.privateRun(TestRunner.java:764)\n\tat org.testng.TestRunner.run(TestRunner.java:585)\n\tat org.testng.SuiteRunner.runTest(SuiteRunner.java:384)\n\tat org.testng.SuiteRunner.runSequentially(SuiteRunner.java:378)\n\tat org.testng.SuiteRunner.privateRun(SuiteRunner.java:337)\n\tat org.testng.SuiteRunner.run(SuiteRunner.java:286)\n\tat org.testng.SuiteRunnerWorker.runSuite(SuiteRunnerWorker.java:53)\n\tat org.testng.SuiteRunnerWorker.run(SuiteRunnerWorker.java:96)\n\tat org.testng.TestNG.runSuitesSequentially(TestNG.java:1218)\n\tat org.testng.TestNG.runSuitesLocally(TestNG.java:1140)\n\tat org.testng.TestNG.runSuites(TestNG.java:1069)\n\tat org.testng.TestNG.run(TestNG.java:1037)\n\tat org.apache.maven.surefire.testng.TestNGExecutor.run(TestNGExecutor.java:136)\n\tat org.apache.maven.surefire.testng.TestNGDirectoryTestSuite.executeMulti(TestNGDirectoryTestSuite.java:193)\n\tat org.apache.maven.surefire.testng.TestNGDirectoryTestSuite.execute(TestNGDirectoryTestSuite.java:94)\n\tat org.apache.maven.surefire.testng.TestNGProvider.invoke(TestNGProvider.java:145)\n\tat org.apache.maven.surefire.booter.ForkedBooter.runSuitesInProcess(ForkedBooter.java:428)\n\tat org.apache.maven.surefire.booter.ForkedBooter.execute(ForkedBooter.java:162)\n\tat org.apache.maven.surefire.booter.ForkedBooter.run(ForkedBooter.java:562)\n\tat org.apache.maven.surefire.booter.ForkedBooter.main(ForkedBooter.java:548)\nCaused by: org.openqa.selenium.NoSuchElementException: Unable to locate element: #email\nFor documentation on this error, please visit: https://selenium.dev/exceptions/#no_such_element\nBuild info: version: '4.6.0', revision: '79f1c02ae20'\nSystem info: os.name: 'Linux', os.arch: 'amd64', os.version: '5.15.0-1038-azure', java.version: '17.0.7'\nDriver info: org.openqa.selenium.remote.RemoteWebDriver\nCommand: [1ee76338-c567-4757-8efa-afebe10ab589, findElement {using=id, value=email}]\nCapabilities {acceptInsecureCerts: true, browserName: firefox, browserVersion: 112.0, moz:accessibilityChecks: false, moz:buildID: 20230424110519, moz:debuggerAddress: 127.0.0.1:2759, moz:firefoxOptions: {}, moz:geckodriverVersion: 0.33.0, moz:headless: false, moz:platformVersion: 5.15.0-1038-azure, moz:processID: 5949, moz:profile: /tmp/rust_mozprofileJIDF8A, moz:shutdownTimeout: 60000, moz:useNonSpecCompliantPointerOrigin: false, moz:webdriverClick: true, moz:windowless: false, pageLoadStrategy: normal, platformName: LINUX, proxy: Proxy(), se:bidi: ws://172.18.0.4:4444/sessio..., se:cdp: ws://172.18.0.4:4444/sessio..., se:cdpVersion: 85.0, se:noVncPort: 7900, se:vnc: ws://172.18.0.4:4444/sessio..., se:vncEnabled: true, se:vncLocalAddress: ws://172.18.0.4:7900, setWindowRect: true, strictFileInteractability: false, timeouts: {implicit: 0, pageLoad: 300000, script: 30000}, unhandledPromptBehavior: dismiss and notify}\nSession ID: 1ee76338-c567-4757-8efa-afebe10ab589\n\tat jdk.internal.reflect.GeneratedConstructorAccessor26.newInstance(Unknown Source)\n\tat java.base/jdk.internal.reflect.DelegatingConstructorAccessorImpl.newInstance(DelegatingConstructorAccessorImpl.java:45)\n\tat java.base/java.lang.reflect.Constructor.newInstanceWithCaller(Constructor.java:499)\n\tat java.base/java.lang.reflect.Constructor.newInstance(Constructor.java:480)\n\tat org.openqa.selenium.remote.codec.w3c.W3CHttpResponseCodec.createException(W3CHttpResponseCodec.java:200)\n\tat org.openqa.selenium.remote.codec.w3c.W3CHttpResponseCodec.decode(W3CHttpResponseCodec.java:133)\n\tat org.openqa.selenium.remote.codec.w3c.W3CHttpResponseCodec.decode(W3CHttpResponseCodec.java:53)\n\tat org.openqa.selenium.remote.HttpCommandExecutor.execute(HttpCommandExecutor.java:184)\n\tat org.openqa.selenium.remote.TracedCommandExecutor.execute(TracedCommandExecutor.java:51)\n\tat org.openqa.selenium.remote.RemoteWebDriver.execute(RemoteWebDriver.java:541)\n\tat org.openqa.selenium.remote.ElementLocation$ElementFinder$2.findElement(ElementLocation.java:162)\n\tat org.openqa.selenium.remote.ElementLocation.findElement(ElementLocation.java:60)\n\tat org.openqa.selenium.remote.RemoteWebDriver.findElement(RemoteWebDriver.java:365)\n\tat org.openqa.selenium.remote.RemoteWebDriver.findElement(RemoteWebDriver.java:357)\n\tat org.openqa.selenium.support.ui.ExpectedConditions$6.apply(ExpectedConditions.java:174)\n\tat org.openqa.selenium.support.ui.ExpectedConditions$6.apply(ExpectedConditions.java:171)\n\tat org.openqa.selenium.support.ui.FluentWait.until(FluentWait.java:208)\n\t... 38 more\n","steps":[{"name":"Enter the email address","time":{"start":1685633585220,"stop":1685633605377,"duration":20157},"status":"broken","statusMessage":"Expected condition failed: waiting for presence of element located by: By.id: email (tried for 20 second(s) with 200 milliseconds interval)","statusTrace":"org.openqa.selenium.TimeoutException: Expected condition failed: waiting for presence of element located by: By.id: email (tried for 20 second(s) with 200 milliseconds interval)\n\tat org.openqa.selenium.support.ui.FluentWait.timeoutException(FluentWait.java:263)\n\tat org.openqa.selenium.support.ui.FluentWait.until(FluentWait.java:231)\n\tat org.labs247.pages.BasePage.findElement(BasePage.java:30)\n\tat org.labs247.pages.BasePage.typeText(BasePage.java:75)\n\tat org.labs247.pages.onboarding.LoginPage.enterEmail(LoginPage.java:20)\n\tat org.labs247.uitils.LoginHelper.loginWithEmail(LoginHelper.java:19)\n\tat tests.VerifyPinTest.verifyWhenEnteringIncorrectPinCode(VerifyPinTest.java:53)\n\tat java.base/jdk.internal.reflect.NativeMethodAccessorImpl.invoke0(Native Method)\n\tat java.base/jdk.internal.reflect.NativeMethodAccessorImpl.invoke(NativeMethodAccessorImpl.java:77)\n\tat java.base/jdk.internal.reflect.DelegatingMethodAccessorImpl.invoke(DelegatingMethodAccessorImpl.java:43)\n\tat java.base/java.lang.reflect.Method.invoke(Method.java:568)\n\tat org.testng.internal.MethodInvocationHelper.invokeMethod(MethodInvocationHelper.java:132)\n\tat org.testng.internal.TestInvoker.invokeMethod(TestInvoker.java:599)\n\tat org.testng.internal.TestInvoker.invokeTestMethod(TestInvoker.java:174)\n\tat org.testng.internal.MethodRunner.runInSequence(MethodRunner.java:46)\n\tat org.testng.internal.TestInvoker$MethodInvocationAgent.invoke(TestInvoker.java:822)\n\tat org.testng.internal.TestInvoker.invokeTestMethods(TestInvoker.java:147)\n\tat org.testng.internal.TestMethodWorker.invokeTestMethods(TestMethodWorker.java:146)\n\tat org.testng.internal.TestMethodWorker.run(TestMethodWorker.java:128)\n\tat java.base/java.util.ArrayList.forEach(ArrayList.java:1511)\n\tat org.testng.TestRunner.privateRun(TestRunner.java:764)\n\tat org.testng.TestRunner.run(TestRunner.java:585)\n\tat org.testng.SuiteRunner.runTest(SuiteRunner.java:384)\n\tat org.testng.SuiteRunner.runSequentially(SuiteRunner.java:378)\n\tat org.testng.SuiteRunner.privateRun(SuiteRunner.java:337)\n\tat org.testng.SuiteRunner.run(SuiteRunner.java:286)\n\tat org.testng.SuiteRunnerWorker.runSuite(SuiteRunnerWorker.java:53)\n\tat org.testng.SuiteRunnerWorker.run(SuiteRunnerWorker.java:96)\n\tat org.testng.TestNG.runSuitesSequentially(TestNG.java:1218)\n\tat org.testng.TestNG.runSuitesLocally(TestNG.java:1140)\n\tat org.testng.TestNG.runSuites(TestNG.java:1069)\n\tat org.testng.TestNG.run(TestNG.java:1037)\n\tat org.apache.maven.surefire.testng.TestNGExecutor.run(TestNGExecutor.java:136)\n\tat org.apache.maven.surefire.testng.TestNGDirectoryTestSuite.executeMulti(TestNGDirectoryTestSuite.java:193)\n\tat org.apache.maven.surefire.testng.TestNGDirectoryTestSuite.execute(TestNGDirectoryTestSuite.java:94)\n\tat org.apache.maven.surefire.testng.TestNGProvider.invoke(TestNGProvider.java:145)\n\tat org.apache.maven.surefire.booter.ForkedBooter.runSuitesInProcess(ForkedBooter.java:428)\n\tat org.apache.maven.surefire.booter.ForkedBooter.execute(ForkedBooter.java:162)\n\tat org.apache.maven.surefire.booter.ForkedBooter.run(ForkedBooter.java:562)\n\tat org.apache.maven.surefire.booter.ForkedBooter.main(ForkedBooter.java:548)\nCaused by: org.openqa.selenium.NoSuchElementException: Unable to locate element: #email\nFor documentation on this error, please visit: https://selenium.dev/exceptions/#no_such_element\nBuild info: version: '4.6.0', revision: '79f1c02ae20'\nSystem info: os.name: 'Linux', os.arch: 'amd64', os.version: '5.15.0-1038-azure', java.version: '17.0.7'\nDriver info: org.openqa.selenium.remote.RemoteWebDriver\nCommand: [1ee76338-c567-4757-8efa-afebe10ab589, findElement {using=id, value=email}]\nCapabilities {acceptInsecureCerts: true, browserName: firefox, browserVersion: 112.0, moz:accessibilityChecks: false, moz:buildID: 20230424110519, moz:debuggerAddress: 127.0.0.1:2759, moz:firefoxOptions: {}, moz:geckodriverVersion: 0.33.0, moz:headless: false, moz:platformVersion: 5.15.0-1038-azure, moz:processID: 5949, moz:profile: /tmp/rust_mozprofileJIDF8A, moz:shutdownTimeout: 60000, moz:useNonSpecCompliantPointerOrigin: false, moz:webdriverClick: true, moz:windowless: false, pageLoadStrategy: normal, platformName: LINUX, proxy: Proxy(), se:bidi: ws://172.18.0.4:4444/sessio..., se:cdp: ws://172.18.0.4:4444/sessio..., se:cdpVersion: 85.0, se:noVncPort: 7900, se:vnc: ws://172.18.0.4:4444/sessio..., se:vncEnabled: true, se:vncLocalAddress: ws://172.18.0.4:7900, setWindowRect: true, strictFileInteractability: false, timeouts: {implicit: 0, pageLoad: 300000, script: 30000}, unhandledPromptBehavior: dismiss and notify}\nSession ID: 1ee76338-c567-4757-8efa-afebe10ab589\n\tat jdk.internal.reflect.GeneratedConstructorAccessor26.newInstance(Unknown Source)\n\tat java.base/jdk.internal.reflect.DelegatingConstructorAccessorImpl.newInstance(DelegatingConstructorAccessorImpl.java:45)\n\tat java.base/java.lang.reflect.Constructor.newInstanceWithCaller(Constructor.java:499)\n\tat java.base/java.lang.reflect.Constructor.newInstance(Constructor.java:480)\n\tat org.openqa.selenium.remote.codec.w3c.W3CHttpResponseCodec.createException(W3CHttpResponseCodec.java:200)\n\tat org.openqa.selenium.remote.codec.w3c.W3CHttpResponseCodec.decode(W3CHttpResponseCodec.java:133)\n\tat org.openqa.selenium.remote.codec.w3c.W3CHttpResponseCodec.decode(W3CHttpResponseCodec.java:53)\n\tat org.openqa.selenium.remote.HttpCommandExecutor.execute(HttpCommandExecutor.java:184)\n\tat org.openqa.selenium.remote.TracedCommandExecutor.execute(TracedCommandExecutor.java:51)\n\tat org.openqa.selenium.remote.RemoteWebDriver.execute(RemoteWebDriver.java:541)\n\tat org.openqa.selenium.remote.ElementLocation$ElementFinder$2.findElement(ElementLocation.java:162)\n\tat org.openqa.selenium.remote.ElementLocation.findElement(ElementLocation.java:60)\n\tat org.openqa.selenium.remote.RemoteWebDriver.findElement(RemoteWebDriver.java:365)\n\tat org.openqa.selenium.remote.RemoteWebDriver.findElement(RemoteWebDriver.java:357)\n\tat org.openqa.selenium.support.ui.ExpectedConditions$6.apply(ExpectedConditions.java:174)\n\tat org.openqa.selenium.support.ui.ExpectedConditions$6.apply(ExpectedConditions.java:171)\n\tat org.openqa.selenium.support.ui.FluentWait.until(FluentWait.java:208)\n\t... 38 more\n","steps":[],"attachments":[],"parameters":[{"name":"email","value":"uk1.admin@guardme.test"}],"hasContent":true,"stepsCount":0,"attachmentsCount":0,"shouldDisplayMessage":true}],"attachments":[{"uid":"e5f878efac91517a","name":"Screenshot","source":"e5f878efac91517a.png","type":"image/png","size":73941},{"uid":"399bf6dc4a049831","name":"verifyWhenEnteringIncorrectPinCode failed and screenshot taken.","source":"399bf6dc4a049831.txt","type":"text/plain","size":63}],"parameters":[],"hasContent":true,"stepsCount":1,"attachmentsCount":2,"shouldDisplayMessage":false},"afterStages":[{"name":"close the web drive","time":{"start":1685633605427,"stop":1685633606100,"duration":673},"description":"close the web drive","status":"passed","steps":[],"attachments":[],"parameters":[],"hasContent":false,"stepsCount":0,"attachmentsCount":0,"shouldDisplayMessage":false}],"labels":[{"name":"package","value":"tests.VerifyPinTest"},{"name":"testClass","value":"tests.VerifyPinTest"},{"name":"testMethod","value":"verifyWhenEnteringIncorrectPinCode"},{"name":"parentSuite","value":"Surefire suite"},{"name":"suite","value":"Surefire test"},{"name":"subSuite","value":"tests.VerifyPinTest"},{"name":"host","value":"fv-az419-179"},{"name":"thread","value":"3408@fv-az419-179.main(1)"},{"name":"framework","value":"testng"},{"name":"language","value":"java"},{"name":"resultFormat","value":"allure2"}],"parameters":[],"links":[],"hidden":false,"retry":false,"extra":{"severity":"normal","retries":[],"categories":[{"name":"Test defects","matchedStatuses":[],"flaky":false}],"history":{"statistic":{"failed":0,"broken":9,"skipped":0,"passed":0,"unknown":0,"total":9},"items":[{"uid":"3ed8c1d4b6856b11","reportUrl":"https://abdulrahmanMohamed2020.github.io/guardMe/12//#testresult/3ed8c1d4b6856b11","status":"broken","statusDetails":"Expected condition failed: waiting for presence of element located by: By.id: email (tried for 20 second(s) with 200 milliseconds interval)","time":{"start":1685632322575,"stop":1685632342751,"duration":20176}},{"uid":"ba33e0042d6cc80e","reportUrl":"https://abdulrahmanMohamed2020.github.io/guardMe/11//#testresult/ba33e0042d6cc80e","status":"broken","statusDetails":"Expected condition failed: waiting for presence of element located by: By.xpath: //p[contains(translate(.,'ABCDEFGHIJKLMNOPQRSTUVWXYZ','abcdefghijklmnopqrstuvwxyz'),'pin')] (tried for 30 second(s) with 200 milliseconds interval)","time":{"start":1674922553742,"stop":1674922586608,"duration":32866}},{"uid":"6d4b4e343e0bfa04","reportUrl":"https://abdulrahmanMohamed2020.github.io/guardMe/9//#testresult/6d4b4e343e0bfa04","status":"broken","statusDetails":"Expected condition failed: waiting for presence of element located by: By.xpath: //p[contains(translate(.,'ABCDEFGHIJKLMNOPQRSTUVWXYZ','abcdefghijklmnopqrstuvwxyz'),'pin')] (tried for 30 second(s) with 200 milliseconds interval)","time":{"start":1672737460319,"stop":1672737494273,"duration":33954}},{"uid":"63136b2273385c08","reportUrl":"https://abdulrahmanMohamed2020.github.io/guardMe/8//#testresult/63136b2273385c08","status":"broken","statusDetails":"Expected condition failed: waiting for presence of element located by: By.xpath: //p[contains(translate(.,'ABCDEFGHIJKLMNOPQRSTUVWXYZ','abcdefghijklmnopqrstuvwxyz'),'pin')] (tried for 30 second(s) with 200 milliseconds interval)","time":{"start":1672729432895,"stop":1672729467116,"duration":34221}},{"uid":"dec4959823dfd6d1","reportUrl":"https://abdulrahmanMohamed2020.github.io/guardMe/7//#testresult/dec4959823dfd6d1","status":"broken","statusDetails":"Expected condition failed: waiting for presence of element located by: By.xpath: //p[contains(translate(.,'ABCDEFGHIJKLMNOPQRSTUVWXYZ','abcdefghijklmnopqrstuvwxyz'),'pin')] (tried for 30 second(s) with 200 milliseconds interval)","time":{"start":1672151619940,"stop":1672151654276,"duration":34336}},{"uid":"8dfb1dad711520b5","reportUrl":"https://abdulrahmanMohamed2020.github.io/guardMe/6//#testresult/8dfb1dad711520b5","status":"broken","statusDetails":"Expected condition failed: waiting for presence of element located by: By.xpath: //p[contains(translate(.,'ABCDEFGHIJKLMNOPQRSTUVWXYZ','abcdefghijklmnopqrstuvwxyz'),'pin')] (tried for 30 second(s) with 200 milliseconds interval)","time":{"start":1672019949852,"stop":1672019983560,"duration":33708}},{"uid":"7d43d66a25910b6e","reportUrl":"https://abdulrahmanMohamed2020.github.io/guardMe/5//#testresult/7d43d66a25910b6e","status":"broken","statusDetails":"Expected condition failed: waiting for presence of element located by: By.xpath: //p[contains(translate(.,'ABCDEFGHIJKLMNOPQRSTUVWXYZ','abcdefghijklmnopqrstuvwxyz'),'pin')] (tried for 30 second(s) with 200 milliseconds interval)","time":{"start":1672010553987,"stop":1672010587739,"duration":33752}},{"uid":"8cacfad81d64b6a7","reportUrl":"https://abdulrahmanMohamed2020.github.io/guardMe/4//#testresult/8cacfad81d64b6a7","status":"broken","statusDetails":"Expected condition failed: waiting for presence of element located by: By.xpath: //p[contains(translate(.,'ABCDEFGHIJKLMNOPQRSTUVWXYZ','abcdefghijklmnopqrstuvwxyz'),'pin')] (tried for 30 second(s) with 200 milliseconds interval)","time":{"start":1672009658109,"stop":1672009691643,"duration":33534}}]},"tags":[]},"source":"7a5d5ee52e701c45.json","parameterValues":[]}