{"uid":"83962890e591809e","name":"Verify the login with not exist email address","fullName":"tests.LoginTest.loginWithNotExistEmail","historyId":"bbba940cb10435f6b2f38ca0a27a8ac6","time":{"start":1674921114016,"stop":1674921115626,"duration":1610},"status":"failed","statusMessage":"expected [No user was found with the given email address.] but found []","statusTrace":"java.lang.AssertionError: expected [No user was found with the given email address.] but found []\n\tat org.testng.Assert.fail(Assert.java:99)\n\tat org.testng.Assert.failNotEquals(Assert.java:1037)\n\tat org.testng.Assert.assertEqualsImpl(Assert.java:140)\n\tat org.testng.Assert.assertEquals(Assert.java:122)\n\tat org.testng.Assert.assertEquals(Assert.java:629)\n\tat org.testng.Assert.assertEquals(Assert.java:639)\n\tat tests.LoginTest.loginWithNotExistEmail(LoginTest.java:44)\n\tat java.base/jdk.internal.reflect.NativeMethodAccessorImpl.invoke0(Native Method)\n\tat java.base/jdk.internal.reflect.NativeMethodAccessorImpl.invoke(NativeMethodAccessorImpl.java:77)\n\tat java.base/jdk.internal.reflect.DelegatingMethodAccessorImpl.invoke(DelegatingMethodAccessorImpl.java:43)\n\tat java.base/java.lang.reflect.Method.invoke(Method.java:568)\n\tat org.testng.internal.MethodInvocationHelper.invokeMethod(MethodInvocationHelper.java:132)\n\tat org.testng.internal.TestInvoker.invokeMethod(TestInvoker.java:599)\n\tat org.testng.internal.TestInvoker.invokeTestMethod(TestInvoker.java:174)\n\tat org.testng.internal.MethodRunner.runInSequence(MethodRunner.java:46)\n\tat org.testng.internal.TestInvoker$MethodInvocationAgent.invoke(TestInvoker.java:822)\n\tat org.testng.internal.TestInvoker.invokeTestMethods(TestInvoker.java:147)\n\tat org.testng.internal.TestMethodWorker.invokeTestMethods(TestMethodWorker.java:146)\n\tat org.testng.internal.TestMethodWorker.run(TestMethodWorker.java:128)\n\tat java.base/java.util.ArrayList.forEach(ArrayList.java:1511)\n\tat org.testng.TestRunner.privateRun(TestRunner.java:764)\n\tat org.testng.TestRunner.run(TestRunner.java:585)\n\tat org.testng.SuiteRunner.runTest(SuiteRunner.java:384)\n\tat org.testng.SuiteRunner.runSequentially(SuiteRunner.java:378)\n\tat org.testng.SuiteRunner.privateRun(SuiteRunner.java:337)\n\tat org.testng.SuiteRunner.run(SuiteRunner.java:286)\n\tat org.testng.SuiteRunnerWorker.runSuite(SuiteRunnerWorker.java:53)\n\tat org.testng.SuiteRunnerWorker.run(SuiteRunnerWorker.java:96)\n\tat org.testng.TestNG.runSuitesSequentially(TestNG.java:1218)\n\tat org.testng.TestNG.runSuitesLocally(TestNG.java:1140)\n\tat org.testng.TestNG.runSuites(TestNG.java:1069)\n\tat org.testng.TestNG.run(TestNG.java:1037)\n\tat org.apache.maven.surefire.testng.TestNGExecutor.run(TestNGExecutor.java:136)\n\tat org.apache.maven.surefire.testng.TestNGDirectoryTestSuite.executeMulti(TestNGDirectoryTestSuite.java:193)\n\tat org.apache.maven.surefire.testng.TestNGDirectoryTestSuite.execute(TestNGDirectoryTestSuite.java:94)\n\tat org.apache.maven.surefire.testng.TestNGProvider.invoke(TestNGProvider.java:145)\n\tat org.apache.maven.surefire.booter.ForkedBooter.runSuitesInProcess(ForkedBooter.java:428)\n\tat org.apache.maven.surefire.booter.ForkedBooter.execute(ForkedBooter.java:162)\n\tat org.apache.maven.surefire.booter.ForkedBooter.run(ForkedBooter.java:562)\n\tat org.apache.maven.surefire.booter.ForkedBooter.main(ForkedBooter.java:548)\n","flaky":false,"newFailed":true,"newBroken":false,"newPassed":false,"retriesCount":0,"retriesStatusChange":false,"beforeStages":[{"name":"initialize the web drive","time":{"start":1674921110727,"stop":1674921114015,"duration":3288},"description":"initialize the web drive","status":"passed","steps":[],"attachments":[],"parameters":[],"stepsCount":0,"attachmentsCount":0,"shouldDisplayMessage":false,"hasContent":false}],"testStage":{"status":"failed","statusMessage":"expected [No user was found with the given email address.] but found []","statusTrace":"java.lang.AssertionError: expected [No user was found with the given email address.] but found []\n\tat org.testng.Assert.fail(Assert.java:99)\n\tat org.testng.Assert.failNotEquals(Assert.java:1037)\n\tat org.testng.Assert.assertEqualsImpl(Assert.java:140)\n\tat org.testng.Assert.assertEquals(Assert.java:122)\n\tat org.testng.Assert.assertEquals(Assert.java:629)\n\tat org.testng.Assert.assertEquals(Assert.java:639)\n\tat tests.LoginTest.loginWithNotExistEmail(LoginTest.java:44)\n\tat java.base/jdk.internal.reflect.NativeMethodAccessorImpl.invoke0(Native Method)\n\tat java.base/jdk.internal.reflect.NativeMethodAccessorImpl.invoke(NativeMethodAccessorImpl.java:77)\n\tat java.base/jdk.internal.reflect.DelegatingMethodAccessorImpl.invoke(DelegatingMethodAccessorImpl.java:43)\n\tat java.base/java.lang.reflect.Method.invoke(Method.java:568)\n\tat org.testng.internal.MethodInvocationHelper.invokeMethod(MethodInvocationHelper.java:132)\n\tat org.testng.internal.TestInvoker.invokeMethod(TestInvoker.java:599)\n\tat org.testng.internal.TestInvoker.invokeTestMethod(TestInvoker.java:174)\n\tat org.testng.internal.MethodRunner.runInSequence(MethodRunner.java:46)\n\tat org.testng.internal.TestInvoker$MethodInvocationAgent.invoke(TestInvoker.java:822)\n\tat org.testng.internal.TestInvoker.invokeTestMethods(TestInvoker.java:147)\n\tat org.testng.internal.TestMethodWorker.invokeTestMethods(TestMethodWorker.java:146)\n\tat org.testng.internal.TestMethodWorker.run(TestMethodWorker.java:128)\n\tat java.base/java.util.ArrayList.forEach(ArrayList.java:1511)\n\tat org.testng.TestRunner.privateRun(TestRunner.java:764)\n\tat org.testng.TestRunner.run(TestRunner.java:585)\n\tat org.testng.SuiteRunner.runTest(SuiteRunner.java:384)\n\tat org.testng.SuiteRunner.runSequentially(SuiteRunner.java:378)\n\tat org.testng.SuiteRunner.privateRun(SuiteRunner.java:337)\n\tat org.testng.SuiteRunner.run(SuiteRunner.java:286)\n\tat org.testng.SuiteRunnerWorker.runSuite(SuiteRunnerWorker.java:53)\n\tat org.testng.SuiteRunnerWorker.run(SuiteRunnerWorker.java:96)\n\tat org.testng.TestNG.runSuitesSequentially(TestNG.java:1218)\n\tat org.testng.TestNG.runSuitesLocally(TestNG.java:1140)\n\tat org.testng.TestNG.runSuites(TestNG.java:1069)\n\tat org.testng.TestNG.run(TestNG.java:1037)\n\tat org.apache.maven.surefire.testng.TestNGExecutor.run(TestNGExecutor.java:136)\n\tat org.apache.maven.surefire.testng.TestNGDirectoryTestSuite.executeMulti(TestNGDirectoryTestSuite.java:193)\n\tat org.apache.maven.surefire.testng.TestNGDirectoryTestSuite.execute(TestNGDirectoryTestSuite.java:94)\n\tat org.apache.maven.surefire.testng.TestNGProvider.invoke(TestNGProvider.java:145)\n\tat org.apache.maven.surefire.booter.ForkedBooter.runSuitesInProcess(ForkedBooter.java:428)\n\tat org.apache.maven.surefire.booter.ForkedBooter.execute(ForkedBooter.java:162)\n\tat org.apache.maven.surefire.booter.ForkedBooter.run(ForkedBooter.java:562)\n\tat org.apache.maven.surefire.booter.ForkedBooter.main(ForkedBooter.java:548)\n","steps":[{"name":"Enter the email address","time":{"start":1674921114017,"stop":1674921114727,"duration":710},"status":"passed","steps":[],"attachments":[],"parameters":[{"name":"email","value":"school@Guard.me"}],"stepsCount":0,"attachmentsCount":0,"shouldDisplayMessage":false,"hasContent":true},{"name":"Click on the continue button","time":{"start":1674921114727,"stop":1674921115259,"duration":532},"status":"passed","steps":[],"attachments":[],"parameters":[],"stepsCount":0,"attachmentsCount":0,"shouldDisplayMessage":false,"hasContent":false}],"attachments":[{"uid":"958bded41e0b437b","name":"Screenshot","source":"958bded41e0b437b.png","type":"image/png","size":1069599},{"uid":"ab32025c6d37e7db","name":"loginWithNotExistEmail failed and screenshot taken.","source":"ab32025c6d37e7db.txt","type":"text/plain","size":51}],"parameters":[],"stepsCount":2,"attachmentsCount":2,"shouldDisplayMessage":true,"hasContent":true},"afterStages":[{"name":"close the web drive","time":{"start":1674921115628,"stop":1674921116199,"duration":571},"description":"close the web drive","status":"passed","steps":[],"attachments":[],"parameters":[],"stepsCount":0,"attachmentsCount":0,"shouldDisplayMessage":false,"hasContent":false}],"labels":[{"name":"package","value":"tests.LoginTest"},{"name":"testClass","value":"tests.LoginTest"},{"name":"testMethod","value":"loginWithNotExistEmail"},{"name":"parentSuite","value":"Surefire suite"},{"name":"suite","value":"Surefire test"},{"name":"subSuite","value":"tests.LoginTest"},{"name":"host","value":"fv-az741-406"},{"name":"thread","value":"3424@fv-az741-406.main(1)"},{"name":"framework","value":"testng"},{"name":"language","value":"java"},{"name":"resultFormat","value":"allure2"}],"parameters":[],"links":[],"hidden":false,"retry":false,"extra":{"severity":"normal","retries":[],"categories":[{"name":"Product defects","matchedStatuses":[],"flaky":false}],"history":{"statistic":{"failed":1,"broken":6,"skipped":0,"passed":0,"unknown":0,"total":7},"items":[{"uid":"c7a25cab434e11a7","reportUrl":"https://abdulrahmanMohamed2020.github.io/guardMe/9//#testresult/c7a25cab434e11a7","status":"broken","statusDetails":"Expected condition failed: waiting for presence of element located by: By.xpath: //div[contains(@class,'v-messages__message')] (tried for 30 second(s) with 200 milliseconds interval)","time":{"start":1672737677291,"stop":1672737708761,"duration":31470}},{"uid":"50ac33483bb10ccb","reportUrl":"https://abdulrahmanMohamed2020.github.io/guardMe/8//#testresult/50ac33483bb10ccb","status":"broken","statusDetails":"Expected condition failed: waiting for presence of element located by: By.xpath: //div[contains(@class,'v-messages__message')] (tried for 30 second(s) with 200 milliseconds interval)","time":{"start":1672729745859,"stop":1672729777732,"duration":31873}},{"uid":"85b5e3ed0ebf9f09","reportUrl":"https://abdulrahmanMohamed2020.github.io/guardMe/7//#testresult/85b5e3ed0ebf9f09","status":"broken","statusDetails":"Expected condition failed: waiting for presence of element located by: By.xpath: //div[contains(@class,'v-messages__message')] (tried for 30 second(s) with 200 milliseconds interval)","time":{"start":1672151875164,"stop":1672151906944,"duration":31780}},{"uid":"e0b46a0dbe84db3c","reportUrl":"https://abdulrahmanMohamed2020.github.io/guardMe/6//#testresult/e0b46a0dbe84db3c","status":"broken","statusDetails":"Expected condition failed: waiting for presence of element located by: By.xpath: //div[contains(@class,'v-messages__message')] (tried for 30 second(s) with 200 milliseconds interval)","time":{"start":1672020477088,"stop":1672020508738,"duration":31650}},{"uid":"6fcd667dbebeddc4","reportUrl":"https://abdulrahmanMohamed2020.github.io/guardMe/5//#testresult/6fcd667dbebeddc4","status":"broken","statusDetails":"Expected condition failed: waiting for presence of element located by: By.xpath: //div[contains(@class,'v-messages__message')] (tried for 30 second(s) with 200 milliseconds interval)","time":{"start":1672011081814,"stop":1672011113395,"duration":31581}},{"uid":"997b554867978e2","reportUrl":"https://abdulrahmanMohamed2020.github.io/guardMe/4//#testresult/997b554867978e2","status":"broken","statusDetails":"Expected condition failed: waiting for presence of element located by: By.xpath: //div[contains(@class,'v-messages__message')] (tried for 30 second(s) with 200 milliseconds interval)","time":{"start":1672010177881,"stop":1672010209372,"duration":31491}}]},"tags":[]},"source":"83962890e591809e.json","parameterValues":[]}